  [1m[35m (0.6ms)[0m  [1m[35mCREATE TABLE "schema_migrations" ("version" varchar NOT NULL PRIMARY KEY)[0m
  [1m[35m (0.4ms)[0m  [1m[35mCREATE TABLE "ar_internal_metadata" ("key" varchar NOT NULL PRIMARY KEY, "value" varchar, "created_at" datetime(6) NOT NULL, "updated_at" datetime(6) NOT NULL)[0m
  [1m[36mActiveRecord::SchemaMigration Pluck (0.0ms)[0m  [1m[34mSELECT "schema_migrations"."version" FROM "schema_migrations" ORDER BY "schema_migrations"."version" ASC[0m
Migrating to CreateUsers (20220408200125)
  [1m[36mTRANSACTION (0.0ms)[0m  [1m[36mbegin transaction[0m
  [1m[35m (0.1ms)[0m  [1m[35mCREATE TABLE "users" ("id" integer PRIMARY KEY AUTOINCREMENT NOT NULL, "name" varchar, "email" varchar, "created_at" datetime(6) NOT NULL, "updated_at" datetime(6) NOT NULL)[0m
  [1m[36mActiveRecord::SchemaMigration Create (0.0ms)[0m  [1m[32mINSERT INTO "schema_migrations" ("version") VALUES (?)[0m  [["version", "20220408200125"]]
  [1m[36mTRANSACTION (0.4ms)[0m  [1m[36mcommit transaction[0m
Migrating to AddIndexToUsersEmail (20220408200454)
  [1m[36mTRANSACTION (0.0ms)[0m  [1m[36mbegin transaction[0m
  [1m[35m (0.1ms)[0m  [1m[35mCREATE UNIQUE INDEX "index_users_on_email" ON "users" ("email")[0m
  [1m[36mActiveRecord::SchemaMigration Create (0.0ms)[0m  [1m[32mINSERT INTO "schema_migrations" ("version") VALUES (?)[0m  [["version", "20220408200454"]]
  [1m[36mTRANSACTION (0.3ms)[0m  [1m[36mcommit transaction[0m
Migrating to AddPasswordDigestToUsers (20220408200615)
  [1m[36mTRANSACTION (0.0ms)[0m  [1m[36mbegin transaction[0m
  [1m[35m (0.1ms)[0m  [1m[35mALTER TABLE "users" ADD "password_digest" varchar[0m
  [1m[36mActiveRecord::SchemaMigration Create (0.0ms)[0m  [1m[32mINSERT INTO "schema_migrations" ("version") VALUES (?)[0m  [["version", "20220408200615"]]
  [1m[36mTRANSACTION (0.3ms)[0m  [1m[36mcommit transaction[0m
  [1m[36mActiveRecord::InternalMetadata Load (0.0ms)[0m  [1m[34mSELECT "ar_internal_metadata".* FROM "ar_internal_metadata" WHERE "ar_internal_metadata"."key" = ? LIMIT ?[0m  [["key", "environment"], ["LIMIT", 1]]
  [1m[36mTRANSACTION (0.0ms)[0m  [1m[36mbegin transaction[0m
  [1m[36mActiveRecord::InternalMetadata Create (0.1ms)[0m  [1m[32mINSERT INTO "ar_internal_metadata" ("key", "value", "created_at", "updated_at") VALUES (?, ?, ?, ?)[0m  [["key", "environment"], ["value", "development"], ["created_at", "2024-02-29 00:55:29.725281"], ["updated_at", "2024-02-29 00:55:29.725281"]]
  [1m[36mTRANSACTION (0.3ms)[0m  [1m[36mcommit transaction[0m
  [1m[36mActiveRecord::SchemaMigration Pluck (0.0ms)[0m  [1m[34mSELECT "schema_migrations"."version" FROM "schema_migrations" ORDER BY "schema_migrations"."version" ASC[0m
  [1m[36mActiveRecord::SchemaMigration Pluck (0.0ms)[0m  [1m[34mSELECT "schema_migrations"."version" FROM "schema_migrations" ORDER BY "schema_migrations"."version" ASC[0m
Started GET "/" for ::1 at 2024-02-28 19:56:18 -0500
  [1m[36mActiveRecord::SchemaMigration Pluck (0.0ms)[0m  [1m[34mSELECT "schema_migrations"."version" FROM "schema_migrations" ORDER BY "schema_migrations"."version" ASC[0m
Processing by StaticPagesController#home as HTML
  Rendering layout layouts/application.html.erb
  Rendering static_pages/home.html.erb within layouts/application
  Rendered static_pages/home.html.erb within layouts/application (Duration: 466.9ms | Allocations: 132679)
  Rendered layouts/_shim.html.erb (Duration: 0.2ms | Allocations: 111)
  Rendered layouts/_header.html.erb (Duration: 0.5ms | Allocations: 469)
  Rendered layouts/_footer.html.erb (Duration: 0.2ms | Allocations: 204)
  Rendered layout layouts/application.html.erb (Duration: 480.1ms | Allocations: 159600)
Completed 200 OK in 484ms (Views: 481.3ms | ActiveRecord: 0.0ms | Allocations: 163016)


Started GET "/login" for ::1 at 2024-02-28 19:56:22 -0500
Processing by SessionsController#new as HTML
  Rendering layout layouts/application.html.erb
  Rendering sessions/new.html.erb within layouts/application
  Rendered sessions/new.html.erb within layouts/application (Duration: 7.0ms | Allocations: 3360)
  Rendered layouts/_shim.html.erb (Duration: 0.2ms | Allocations: 111)
  Rendered layouts/_header.html.erb (Duration: 0.4ms | Allocations: 466)
  Rendered layouts/_footer.html.erb (Duration: 0.1ms | Allocations: 204)
  Rendered layout layouts/application.html.erb (Duration: 40.7ms | Allocations: 54855)
Completed 200 OK in 44ms (Views: 41.7ms | ActiveRecord: 0.0ms | Allocations: 58268)


Started POST "/login" for ::1 at 2024-02-28 19:56:40 -0500
Processing by SessionsController#create as TURBO_STREAM
  Parameters: {"authenticity_token"=>"[FILTERED]", "session"=>{"email"=>"example@railstutorial.org", "password"=>"[FILTERED]"}, "commit"=>"Log in"}
  [1m[36mUser Load (0.6ms)[0m  [1m[34mSELECT "users".* FROM "users" WHERE "users"."email" = ? LIMIT ?[0m  [["email", "example@railstutorial.org"], ["LIMIT", 1]]
  ↳ app/controllers/sessions_controller.rb:7:in `create'
  Rendering layout layouts/application.html.erb
  Rendering sessions/new.html.erb within layouts/application
  Rendered sessions/new.html.erb within layouts/application (Duration: 0.8ms | Allocations: 649)
  Rendered layouts/_shim.html.erb (Duration: 0.0ms | Allocations: 10)
  Rendered layouts/_header.html.erb (Duration: 0.1ms | Allocations: 125)
  Rendered layouts/_footer.html.erb (Duration: 0.1ms | Allocations: 62)
  Rendered layout layouts/application.html.erb (Duration: 8.1ms | Allocations: 7736)
Completed 422 Unprocessable Entity in 17ms (Views: 8.6ms | ActiveRecord: 1.0ms | Allocations: 12493)


Started POST "/login" for ::1 at 2024-02-28 19:57:14 -0500
Processing by SessionsController#create as TURBO_STREAM
  Parameters: {"authenticity_token"=>"[FILTERED]", "session"=>{"email"=>"example@railstutorial.org", "password"=>"[FILTERED]"}, "commit"=>"Log in"}
  [1m[36mUser Load (0.3ms)[0m  [1m[34mSELECT "users".* FROM "users" WHERE "users"."email" = ? LIMIT ?[0m  [["email", "example@railstutorial.org"], ["LIMIT", 1]]
  ↳ app/controllers/sessions_controller.rb:7:in `create'
  Rendering layout layouts/application.html.erb
  Rendering sessions/new.html.erb within layouts/application
  Rendered sessions/new.html.erb within layouts/application (Duration: 1.5ms | Allocations: 566)
  Rendered layouts/_shim.html.erb (Duration: 0.0ms | Allocations: 9)
  Rendered layouts/_header.html.erb (Duration: 0.1ms | Allocations: 125)
  Rendered layouts/_footer.html.erb (Duration: 0.1ms | Allocations: 62)
  Rendered layout layouts/application.html.erb (Duration: 12.3ms | Allocations: 7562)
Completed 422 Unprocessable Entity in 19ms (Views: 13.1ms | ActiveRecord: 0.3ms | Allocations: 8629)


Started GET "/login" for ::1 at 2024-02-28 19:57:53 -0500
Processing by SessionsController#new as HTML
  Rendering layout layouts/application.html.erb
  Rendering sessions/new.html.erb within layouts/application
  Rendered sessions/new.html.erb within layouts/application (Duration: 7.5ms | Allocations: 2800)
  Rendered layouts/_shim.html.erb (Duration: 0.0ms | Allocations: 14)
  Rendered layouts/_header.html.erb (Duration: 0.1ms | Allocations: 137)
  Rendered layouts/_footer.html.erb (Duration: 0.1ms | Allocations: 67)
  Rendered layout layouts/application.html.erb (Duration: 15.6ms | Allocations: 10024)
Completed 200 OK in 19ms (Views: 17.4ms | ActiveRecord: 0.0ms | Allocations: 10804)


Started GET "/signup" for ::1 at 2024-02-28 19:57:55 -0500
Processing by UsersController#new as HTML
  Rendering layout layouts/application.html.erb
  Rendering users/new.html.erb within layouts/application
  Rendered shared/_error_messages.html.erb (Duration: 0.4ms | Allocations: 215)
  Rendered users/new.html.erb within layouts/application (Duration: 2.8ms | Allocations: 2570)
  Rendered layouts/_shim.html.erb (Duration: 0.0ms | Allocations: 9)
  Rendered layouts/_header.html.erb (Duration: 0.1ms | Allocations: 150)
  Rendered layouts/_footer.html.erb (Duration: 0.0ms | Allocations: 67)
  Rendered layout layouts/application.html.erb (Duration: 9.6ms | Allocations: 9818)
Completed 200 OK in 27ms (Views: 11.1ms | ActiveRecord: 0.6ms | Allocations: 16750)


Started POST "/users" for ::1 at 2024-02-28 19:58:43 -0500
Processing by UsersController#create as TURBO_STREAM
  Parameters: {"authenticity_token"=>"[FILTERED]", "user"=>{"name"=>"user1", "email"=>"example@railstutorial.org", "password"=>"[FILTERED]", "password_confirmation"=>"[FILTERED]"}, "commit"=>"Create my account"}
  [1m[36mTRANSACTION (0.0ms)[0m  [1m[36mbegin transaction[0m
  ↳ app/controllers/users_controller.rb:13:in `create'
  [1m[36mUser Exists? (0.6ms)[0m  [1m[34mSELECT 1 AS one FROM "users" WHERE "users"."email" = ? LIMIT ?[0m  [["email", "example@railstutorial.org"], ["LIMIT", 1]]
  ↳ app/controllers/users_controller.rb:13:in `create'
  [1m[36mUser Create (0.3ms)[0m  [1m[32mINSERT INTO "users" ("name", "email", "created_at", "updated_at", "password_digest") VALUES (?, ?, ?, ?, ?)[0m  [["name", "user1"], ["email", "example@railstutorial.org"], ["created_at", "2024-02-29 00:58:43.302265"], ["updated_at", "2024-02-29 00:58:43.302265"], ["password_digest", "[FILTERED]"]]
  ↳ app/controllers/users_controller.rb:13:in `create'
  [1m[36mTRANSACTION (0.5ms)[0m  [1m[36mcommit transaction[0m
  ↳ app/controllers/users_controller.rb:13:in `create'
Redirected to http://localhost:3000/users/1
Completed 302 Found in 262ms (ActiveRecord: 1.5ms | Allocations: 6515)


Started GET "/users/1" for ::1 at 2024-02-28 19:58:43 -0500
Processing by UsersController#show as TURBO_STREAM
  Parameters: {"id"=>"1"}
  [1m[36mUser Load (0.1ms)[0m  [1m[34mSELECT "users".* FROM "users" WHERE "users"."id" = ? LIMIT ?[0m  [["id", 1], ["LIMIT", 1]]
  ↳ app/controllers/users_controller.rb:4:in `show'
  Rendering layout layouts/application.html.erb
  Rendering users/show.html.erb within layouts/application
  Rendered users/show.html.erb within layouts/application (Duration: 1.5ms | Allocations: 346)
  Rendered layouts/_shim.html.erb (Duration: 0.0ms | Allocations: 12)
  [1m[36mUser Load (0.0ms)[0m  [1m[34mSELECT "users".* FROM "users" WHERE "users"."id" = ? LIMIT ?[0m  [["id", 1], ["LIMIT", 1]]
  ↳ app/helpers/sessions_helper.rb:11:in `current_user'
  Rendered layouts/_header.html.erb (Duration: 0.7ms | Allocations: 1615)
  Rendered layouts/_footer.html.erb (Duration: 0.0ms | Allocations: 62)
  Rendered layout layouts/application.html.erb (Duration: 11.9ms | Allocations: 9248)
Completed 200 OK in 13ms (Views: 12.0ms | ActiveRecord: 0.1ms | Allocations: 10943)


Started DELETE "/logout" for ::1 at 2024-02-28 19:58:49 -0500
Processing by SessionsController#destroy as TURBO_STREAM
Redirected to http://localhost:3000/
Completed 303 See Other in 2ms (ActiveRecord: 0.0ms | Allocations: 491)


Started GET "/" for ::1 at 2024-02-28 19:58:49 -0500
Processing by StaticPagesController#home as TURBO_STREAM
  Rendering layout layouts/application.html.erb
  Rendering static_pages/home.html.erb within layouts/application
  Rendered static_pages/home.html.erb within layouts/application (Duration: 1.6ms | Allocations: 667)
  Rendered layouts/_shim.html.erb (Duration: 0.0ms | Allocations: 9)
  Rendered layouts/_header.html.erb (Duration: 0.1ms | Allocations: 125)
  Rendered layouts/_footer.html.erb (Duration: 0.1ms | Allocations: 62)
  Rendered layout layouts/application.html.erb (Duration: 11.4ms | Allocations: 7761)
Completed 200 OK in 13ms (Views: 11.9ms | ActiveRecord: 0.0ms | Allocations: 8054)


Started GET "/login" for ::1 at 2024-02-28 20:03:11 -0500
Processing by SessionsController#new as HTML
  Rendering layout layouts/application.html.erb
  Rendering sessions/new.html.erb within layouts/application
  Rendered sessions/new.html.erb within layouts/application (Duration: 2.1ms | Allocations: 833)
  Rendered layouts/_shim.html.erb (Duration: 0.0ms | Allocations: 9)
  Rendered layouts/_header.html.erb (Duration: 0.1ms | Allocations: 125)
  Rendered layouts/_footer.html.erb (Duration: 0.1ms | Allocations: 62)
  Rendered layout layouts/application.html.erb (Duration: 13.1ms | Allocations: 7834)
Completed 200 OK in 15ms (Views: 13.8ms | ActiveRecord: 0.0ms | Allocations: 8096)


Started GET "/login" for ::1 at 2024-02-28 20:03:13 -0500
Processing by SessionsController#new as HTML
  Rendering layout layouts/application.html.erb
  Rendering sessions/new.html.erb within layouts/application
  Rendered sessions/new.html.erb within layouts/application (Duration: 3.6ms | Allocations: 797)
  Rendered layouts/_shim.html.erb (Duration: 0.0ms | Allocations: 9)
  Rendered layouts/_header.html.erb (Duration: 0.2ms | Allocations: 125)
  Rendered layouts/_footer.html.erb (Duration: 0.1ms | Allocations: 62)
  Rendered layout layouts/application.html.erb (Duration: 16.4ms | Allocations: 7803)
Completed 200 OK in 20ms (Views: 18.1ms | Allocations: 8066)


Started GET "/" for ::1 at 2024-02-28 20:03:14 -0500
Processing by StaticPagesController#home as HTML
  Rendering layout layouts/application.html.erb
  Rendering static_pages/home.html.erb within layouts/application
  Rendered static_pages/home.html.erb within layouts/application (Duration: 2.6ms | Allocations: 1056)
  Rendered layouts/_shim.html.erb (Duration: 0.0ms | Allocations: 12)
  Rendered layouts/_header.html.erb (Duration: 0.2ms | Allocations: 139)
  Rendered layouts/_footer.html.erb (Duration: 0.1ms | Allocations: 67)
  Rendered layout layouts/application.html.erb (Duration: 9.8ms | Allocations: 8284)
Completed 200 OK in 13ms (Views: 11.6ms | Allocations: 9041)


Started GET "/help" for ::1 at 2024-02-28 20:03:15 -0500
Processing by StaticPagesController#help as HTML
  Rendering layout layouts/application.html.erb
  Rendering static_pages/help.html.erb within layouts/application
  Rendered static_pages/help.html.erb within layouts/application (Duration: 1.0ms | Allocations: 122)
  Rendered layouts/_shim.html.erb (Duration: 0.0ms | Allocations: 9)
  Rendered layouts/_header.html.erb (Duration: 0.2ms | Allocations: 134)
  Rendered layouts/_footer.html.erb (Duration: 0.1ms | Allocations: 62)
  Rendered layout layouts/application.html.erb (Duration: 10.1ms | Allocations: 7375)
Completed 200 OK in 11ms (Views: 10.5ms | Allocations: 7718)


Started GET "/login" for ::1 at 2024-02-28 20:03:16 -0500
Processing by SessionsController#new as HTML
  Rendering layout layouts/application.html.erb
  Rendering sessions/new.html.erb within layouts/application
  Rendered sessions/new.html.erb within layouts/application (Duration: 1.5ms | Allocations: 855)
  Rendered layouts/_shim.html.erb (Duration: 0.0ms | Allocations: 9)
  Rendered layouts/_header.html.erb (Duration: 0.2ms | Allocations: 125)
  Rendered layouts/_footer.html.erb (Duration: 0.5ms | Allocations: 62)
  Rendered layout layouts/application.html.erb (Duration: 23.0ms | Allocations: 7868)
Completed 200 OK in 24ms (Views: 23.4ms | Allocations: 8128)


Started POST "/login" for ::1 at 2024-02-28 20:18:56 -0500
Processing by SessionsController#create as TURBO_STREAM
  Parameters: {"authenticity_token"=>"[FILTERED]", "session"=>{"email"=>"example@railstutorial.org", "password"=>"[FILTERED]"}, "commit"=>"Log in"}
  [1m[36mUser Load (0.4ms)[0m  [1m[34mSELECT "users".* FROM "users" WHERE "users"."email" = ? LIMIT ?[0m  [["email", "example@railstutorial.org"], ["LIMIT", 1]]
  ↳ app/controllers/sessions_controller.rb:7:in `create'
Redirected to http://localhost:3000/users/1
Completed 302 Found in 372ms (ActiveRecord: 1.5ms | Allocations: 1255)


Started GET "/users/1" for ::1 at 2024-02-28 20:18:56 -0500
Processing by UsersController#show as TURBO_STREAM
  Parameters: {"id"=>"1"}
  [1m[36mUser Load (0.1ms)[0m  [1m[34mSELECT "users".* FROM "users" WHERE "users"."id" = ? LIMIT ?[0m  [["id", 1], ["LIMIT", 1]]
  ↳ app/controllers/users_controller.rb:4:in `show'
  Rendering layout layouts/application.html.erb
  Rendering users/show.html.erb within layouts/application
  Rendered users/show.html.erb within layouts/application (Duration: 5.0ms | Allocations: 64)
  Rendered layouts/_shim.html.erb (Duration: 0.0ms | Allocations: 9)
  [1m[36mUser Load (0.1ms)[0m  [1m[34mSELECT "users".* FROM "users" WHERE "users"."id" = ? LIMIT ?[0m  [["id", 1], ["LIMIT", 1]]
  ↳ app/helpers/sessions_helper.rb:11:in `current_user'
  Rendered layouts/_header.html.erb (Duration: 3.7ms | Allocations: 748)
  Rendered layouts/_footer.html.erb (Duration: 0.1ms | Allocations: 62)
  Rendered layout layouts/application.html.erb (Duration: 19.2ms | Allocations: 7919)
Completed 200 OK in 21ms (Views: 19.9ms | ActiveRecord: 0.2ms | Allocations: 8672)


Started DELETE "/logout" for ::1 at 2024-02-28 20:18:59 -0500
Processing by SessionsController#destroy as TURBO_STREAM
Redirected to http://localhost:3000/
Completed 303 See Other in 1ms (ActiveRecord: 0.0ms | Allocations: 434)


Started GET "/" for ::1 at 2024-02-28 20:18:59 -0500
Processing by StaticPagesController#home as TURBO_STREAM
  Rendering layout layouts/application.html.erb
  Rendering static_pages/home.html.erb within layouts/application
  Rendered static_pages/home.html.erb within layouts/application (Duration: 1.3ms | Allocations: 664)
  Rendered layouts/_shim.html.erb (Duration: 0.0ms | Allocations: 9)
  Rendered layouts/_header.html.erb (Duration: 0.1ms | Allocations: 125)
  Rendered layouts/_footer.html.erb (Duration: 0.0ms | Allocations: 62)
  Rendered layout layouts/application.html.erb (Duration: 8.5ms | Allocations: 7764)
Completed 200 OK in 10ms (Views: 9.1ms | ActiveRecord: 0.0ms | Allocations: 8029)


Started GET "/login" for ::1 at 2024-02-28 20:32:02 -0500
Processing by SessionsController#new as HTML
  Rendering layout layouts/application.html.erb
  Rendering sessions/new.html.erb within layouts/application
  Rendered sessions/new.html.erb within layouts/application (Duration: 21.2ms | Allocations: 821)
  Rendered layouts/_shim.html.erb (Duration: 0.0ms | Allocations: 9)
  Rendered layouts/_header.html.erb (Duration: 0.1ms | Allocations: 125)
  Rendered layouts/_footer.html.erb (Duration: 0.0ms | Allocations: 62)
  Rendered layout layouts/application.html.erb (Duration: 39.5ms | Allocations: 7824)
Completed 200 OK in 45ms (Views: 41.9ms | Allocations: 8082)


Started POST "/login" for ::1 at 2024-02-28 20:32:07 -0500
Processing by SessionsController#create as TURBO_STREAM
  Parameters: {"authenticity_token"=>"[FILTERED]", "session"=>{"email"=>"example@railstutorial.org", "password"=>"[FILTERED]"}, "commit"=>"Log in"}
  [1m[36mUser Load (0.5ms)[0m  [1m[34mSELECT "users".* FROM "users" WHERE "users"."email" = ? LIMIT ?[0m  [["email", "example@railstutorial.org"], ["LIMIT", 1]]
  ↳ app/controllers/sessions_controller.rb:7:in `create'
Redirected to http://localhost:3000/users/1
Completed 302 Found in 289ms (ActiveRecord: 2.9ms | Allocations: 7808)


Started GET "/users/1" for ::1 at 2024-02-28 20:32:08 -0500
Processing by UsersController#show as TURBO_STREAM
  Parameters: {"id"=>"1"}
  [1m[36mUser Load (0.1ms)[0m  [1m[34mSELECT "users".* FROM "users" WHERE "users"."id" = ? LIMIT ?[0m  [["id", 1], ["LIMIT", 1]]
  ↳ app/controllers/users_controller.rb:4:in `show'
  Rendering layout layouts/application.html.erb
  Rendering users/show.html.erb within layouts/application
  Rendered users/show.html.erb within layouts/application (Duration: 7.3ms | Allocations: 353)
  Rendered layouts/_shim.html.erb (Duration: 0.0ms | Allocations: 14)
  [1m[36mUser Load (0.0ms)[0m  [1m[34mSELECT "users".* FROM "users" WHERE "users"."id" = ? LIMIT ?[0m  [["id", 1], ["LIMIT", 1]]
  ↳ app/helpers/sessions_helper.rb:11:in `current_user'
  Rendered layouts/_header.html.erb (Duration: 0.6ms | Allocations: 1643)
  Rendered layouts/_footer.html.erb (Duration: 0.0ms | Allocations: 67)
  Rendered layout layouts/application.html.erb (Duration: 12.8ms | Allocations: 9316)
Completed 200 OK in 16ms (Views: 14.4ms | ActiveRecord: 0.1ms | Allocations: 11279)


Started GET "/users/1" for ::1 at 2024-02-28 20:32:21 -0500
Processing by UsersController#show as HTML
  Parameters: {"id"=>"1"}
  [1m[36mUser Load (0.2ms)[0m  [1m[34mSELECT "users".* FROM "users" WHERE "users"."id" = ? LIMIT ?[0m  [["id", 1], ["LIMIT", 1]]
  ↳ app/controllers/users_controller.rb:4:in `show'
  Rendering layout layouts/application.html.erb
  Rendering users/show.html.erb within layouts/application
  Rendered users/show.html.erb within layouts/application (Duration: 0.3ms | Allocations: 65)
  Rendered layouts/_shim.html.erb (Duration: 0.0ms | Allocations: 9)
  [1m[36mUser Load (0.1ms)[0m  [1m[34mSELECT "users".* FROM "users" WHERE "users"."id" = ? LIMIT ?[0m  [["id", 1], ["LIMIT", 1]]
  ↳ app/helpers/sessions_helper.rb:11:in `current_user'
  Rendered layouts/_header.html.erb (Duration: 1.9ms | Allocations: 748)
  Rendered layouts/_footer.html.erb (Duration: 0.1ms | Allocations: 62)
  Rendered layout layouts/application.html.erb (Duration: 13.3ms | Allocations: 7926)
Completed 200 OK in 17ms (Views: 13.8ms | ActiveRecord: 0.3ms | Allocations: 8702)


Started DELETE "/logout" for ::1 at 2024-02-28 20:32:32 -0500
Processing by SessionsController#destroy as TURBO_STREAM
Redirected to http://localhost:3000/
Completed 303 See Other in 2ms (ActiveRecord: 0.0ms | Allocations: 472)


Started GET "/" for ::1 at 2024-02-28 20:32:32 -0500
Processing by StaticPagesController#home as TURBO_STREAM
  Rendering layout layouts/application.html.erb
  Rendering static_pages/home.html.erb within layouts/application
  Rendered static_pages/home.html.erb within layouts/application (Duration: 2.0ms | Allocations: 668)
  Rendered layouts/_shim.html.erb (Duration: 0.0ms | Allocations: 9)
  Rendered layouts/_header.html.erb (Duration: 0.2ms | Allocations: 125)
  Rendered layouts/_footer.html.erb (Duration: 0.1ms | Allocations: 62)
  Rendered layout layouts/application.html.erb (Duration: 11.6ms | Allocations: 7759)
Completed 200 OK in 13ms (Views: 12.1ms | ActiveRecord: 0.0ms | Allocations: 8027)


Started GET "/users/1/edit" for ::1 at 2024-02-28 20:32:59 -0500
  
AbstractController::ActionNotFound (The action 'edit' could not be found for UsersController):
  
actionpack (7.0.4) lib/abstract_controller/base.rb:146:in `process'
actionview (7.0.4) lib/action_view/rendering.rb:39:in `process'
actionpack (7.0.4) lib/action_controller/metal.rb:188:in `dispatch'
actionpack (7.0.4) lib/action_controller/metal.rb:251:in `dispatch'
actionpack (7.0.4) lib/action_dispatch/routing/route_set.rb:49:in `dispatch'
actionpack (7.0.4) lib/action_dispatch/routing/route_set.rb:32:in `serve'
actionpack (7.0.4) lib/action_dispatch/journey/router.rb:50:in `block in serve'
actionpack (7.0.4) lib/action_dispatch/journey/router.rb:32:in `each'
actionpack (7.0.4) lib/action_dispatch/journey/router.rb:32:in `serve'
actionpack (7.0.4) lib/action_dispatch/routing/route_set.rb:852:in `call'
rack (2.2.6.2) lib/rack/tempfile_reaper.rb:15:in `call'
rack (2.2.6.2) lib/rack/etag.rb:27:in `call'
rack (2.2.6.2) lib/rack/conditional_get.rb:27:in `call'
rack (2.2.6.2) lib/rack/head.rb:12:in `call'
actionpack (7.0.4) lib/action_dispatch/http/permissions_policy.rb:38:in `call'
actionpack (7.0.4) lib/action_dispatch/http/content_security_policy.rb:36:in `call'
rack (2.2.6.2) lib/rack/session/abstract/id.rb:266:in `context'
rack (2.2.6.2) lib/rack/session/abstract/id.rb:260:in `call'
actionpack (7.0.4) lib/action_dispatch/middleware/cookies.rb:696:in `call'
activerecord (7.0.4) lib/active_record/migration.rb:603:in `call'
actionpack (7.0.4) lib/action_dispatch/middleware/callbacks.rb:27:in `block in call'
activesupport (7.0.4) lib/active_support/callbacks.rb:99:in `run_callbacks'
actionpack (7.0.4) lib/action_dispatch/middleware/callbacks.rb:26:in `call'
actionpack (7.0.4) lib/action_dispatch/middleware/executor.rb:14:in `call'
actionpack (7.0.4) lib/action_dispatch/middleware/actionable_exceptions.rb:17:in `call'
actionpack (7.0.4) lib/action_dispatch/middleware/debug_exceptions.rb:28:in `call'
web-console (4.2.0) lib/web_console/middleware.rb:132:in `call_app'
web-console (4.2.0) lib/web_console/middleware.rb:28:in `block in call'
web-console (4.2.0) lib/web_console/middleware.rb:17:in `catch'
web-console (4.2.0) lib/web_console/middleware.rb:17:in `call'
actionpack (7.0.4) lib/action_dispatch/middleware/show_exceptions.rb:26:in `call'
railties (7.0.4) lib/rails/rack/logger.rb:40:in `call_app'
railties (7.0.4) lib/rails/rack/logger.rb:25:in `block in call'
activesupport (7.0.4) lib/active_support/tagged_logging.rb:99:in `block in tagged'
activesupport (7.0.4) lib/active_support/tagged_logging.rb:37:in `tagged'
activesupport (7.0.4) lib/active_support/tagged_logging.rb:99:in `tagged'
railties (7.0.4) lib/rails/rack/logger.rb:25:in `call'
sprockets-rails (3.4.2) lib/sprockets/rails/quiet_assets.rb:13:in `call'
actionpack (7.0.4) lib/action_dispatch/middleware/remote_ip.rb:93:in `call'
actionpack (7.0.4) lib/action_dispatch/middleware/request_id.rb:26:in `call'
rack (2.2.6.2) lib/rack/method_override.rb:24:in `call'
rack (2.2.6.2) lib/rack/runtime.rb:22:in `call'
activesupport (7.0.4) lib/active_support/cache/strategy/local_cache_middleware.rb:29:in `call'
actionpack (7.0.4) lib/action_dispatch/middleware/server_timing.rb:61:in `block in call'
actionpack (7.0.4) lib/action_dispatch/middleware/server_timing.rb:26:in `collect_events'
actionpack (7.0.4) lib/action_dispatch/middleware/server_timing.rb:60:in `call'
actionpack (7.0.4) lib/action_dispatch/middleware/executor.rb:14:in `call'
actionpack (7.0.4) lib/action_dispatch/middleware/static.rb:23:in `call'
rack (2.2.6.2) lib/rack/sendfile.rb:110:in `call'
actionpack (7.0.4) lib/action_dispatch/middleware/host_authorization.rb:131:in `call'
railties (7.0.4) lib/rails/engine.rb:530:in `call'
puma (5.6.4) lib/puma/configuration.rb:252:in `call'
puma (5.6.4) lib/puma/request.rb:77:in `block in handle_request'
puma (5.6.4) lib/puma/thread_pool.rb:340:in `with_force_shutdown'
puma (5.6.4) lib/puma/request.rb:76:in `handle_request'
puma (5.6.4) lib/puma/server.rb:441:in `process_client'
puma (5.6.4) lib/puma/thread_pool.rb:147:in `block in spawn_thread'
Started GET "/users/1/" for ::1 at 2024-02-28 20:33:03 -0500
Processing by UsersController#show as HTML
  Parameters: {"id"=>"1"}
  [1m[36mUser Load (0.2ms)[0m  [1m[34mSELECT "users".* FROM "users" WHERE "users"."id" = ? LIMIT ?[0m  [["id", 1], ["LIMIT", 1]]
  ↳ app/controllers/users_controller.rb:4:in `show'
  Rendering layout layouts/application.html.erb
  Rendering users/show.html.erb within layouts/application
  Rendered users/show.html.erb within layouts/application (Duration: 0.3ms | Allocations: 84)
  Rendered layouts/_shim.html.erb (Duration: 0.1ms | Allocations: 9)
  Rendered layouts/_header.html.erb (Duration: 0.3ms | Allocations: 147)
  Rendered layouts/_footer.html.erb (Duration: 0.1ms | Allocations: 62)
  Rendered layout layouts/application.html.erb (Duration: 13.3ms | Allocations: 7660)
Completed 200 OK in 17ms (Views: 14.0ms | ActiveRecord: 0.2ms | Allocations: 8490)


Started GET "/login" for ::1 at 2024-02-28 20:33:08 -0500
Processing by SessionsController#new as HTML
  Rendering layout layouts/application.html.erb
  Rendering sessions/new.html.erb within layouts/application
  Rendered sessions/new.html.erb within layouts/application (Duration: 1.9ms | Allocations: 852)
  Rendered layouts/_shim.html.erb (Duration: 0.0ms | Allocations: 9)
  Rendered layouts/_header.html.erb (Duration: 0.2ms | Allocations: 125)
  Rendered layouts/_footer.html.erb (Duration: 0.1ms | Allocations: 62)
  Rendered layout layouts/application.html.erb (Duration: 12.1ms | Allocations: 7861)
Completed 200 OK in 14ms (Views: 12.6ms | ActiveRecord: 0.0ms | Allocations: 8123)


Started GET "/" for ::1 at 2024-02-28 20:33:10 -0500
Processing by StaticPagesController#home as HTML
  Rendering layout layouts/application.html.erb
  Rendering static_pages/home.html.erb within layouts/application
  Rendered static_pages/home.html.erb within layouts/application (Duration: 1.6ms | Allocations: 668)
  Rendered layouts/_shim.html.erb (Duration: 0.0ms | Allocations: 9)
  Rendered layouts/_header.html.erb (Duration: 0.2ms | Allocations: 125)
  Rendered layouts/_footer.html.erb (Duration: 0.1ms | Allocations: 62)
  Rendered layout layouts/application.html.erb (Duration: 11.2ms | Allocations: 7746)
Completed 200 OK in 12ms (Views: 11.6ms | ActiveRecord: 0.0ms | Allocations: 8007)


Started GET "/users/1" for ::1 at 2024-02-28 20:33:24 -0500
Processing by UsersController#show as HTML
  Parameters: {"id"=>"1"}
  [1m[36mUser Load (0.2ms)[0m  [1m[34mSELECT "users".* FROM "users" WHERE "users"."id" = ? LIMIT ?[0m  [["id", 1], ["LIMIT", 1]]
  ↳ app/controllers/users_controller.rb:4:in `show'
  Rendering layout layouts/application.html.erb
  Rendering users/show.html.erb within layouts/application
  Rendered users/show.html.erb within layouts/application (Duration: 0.2ms | Allocations: 63)
  Rendered layouts/_shim.html.erb (Duration: 0.0ms | Allocations: 9)
  Rendered layouts/_header.html.erb (Duration: 0.2ms | Allocations: 134)
  Rendered layouts/_footer.html.erb (Duration: 0.1ms | Allocations: 62)
  Rendered layout layouts/application.html.erb (Duration: 12.2ms | Allocations: 7288)
Completed 200 OK in 15ms (Views: 12.9ms | ActiveRecord: 0.2ms | Allocations: 8018)


Started GET "/admin/orgs" for ::1 at 2024-02-28 20:33:40 -0500
  
ActionController::RoutingError (No route matches [GET] "/admin/orgs"):
  
Started GET "/" for ::1 at 2024-02-28 20:33:41 -0500
Processing by StaticPagesController#home as HTML
  Rendering layout layouts/application.html.erb
  Rendering static_pages/home.html.erb within layouts/application
  Rendered static_pages/home.html.erb within layouts/application (Duration: 1.4ms | Allocations: 778)
  Rendered layouts/_shim.html.erb (Duration: 0.0ms | Allocations: 9)
  Rendered layouts/_header.html.erb (Duration: 4.2ms | Allocations: 125)
  Rendered layouts/_footer.html.erb (Duration: 0.0ms | Allocations: 62)
  Rendered layout layouts/application.html.erb (Duration: 14.5ms | Allocations: 7899)
Completed 200 OK in 16ms (Views: 14.9ms | ActiveRecord: 0.0ms | Allocations: 8197)


Started GET "/admin/orgs" for ::1 at 2024-02-28 20:33:49 -0500
  
ActionController::RoutingError (No route matches [GET] "/admin/orgs"):
  
Started GET "/users/1/" for ::1 at 2024-02-28 20:33:55 -0500
Processing by UsersController#show as HTML
  Parameters: {"id"=>"1"}
  [1m[36mUser Load (0.2ms)[0m  [1m[34mSELECT "users".* FROM "users" WHERE "users"."id" = ? LIMIT ?[0m  [["id", 1], ["LIMIT", 1]]
  ↳ app/controllers/users_controller.rb:4:in `show'
  Rendering layout layouts/application.html.erb
  Rendering users/show.html.erb within layouts/application
  Rendered users/show.html.erb within layouts/application (Duration: 0.3ms | Allocations: 66)
  Rendered layouts/_shim.html.erb (Duration: 0.1ms | Allocations: 9)
  Rendered layouts/_header.html.erb (Duration: 0.3ms | Allocations: 134)
  Rendered layouts/_footer.html.erb (Duration: 0.2ms | Allocations: 62)
  Rendered layout layouts/application.html.erb (Duration: 14.2ms | Allocations: 7328)
Completed 200 OK in 18ms (Views: 14.8ms | ActiveRecord: 0.2ms | Allocations: 8113)


